[2026-04-17 17:19:48] [INFO] Installation started - fedora
[2026-04-17 17:19:48] [INFO] Selected installer family: fedora
[2026-04-17 17:19:48] [INFO] Disabling GNOME auto-lock and suspend while installation runs...
[2026-04-17 17:19:48] [INFO] Installing terminal and desktop tools...
[2026-04-17 17:19:48] [INFO] [DRY-RUN] Would update package index
[2026-04-17 17:19:48] [INFO] bat is already installed.
[2026-04-17 17:19:48] [INFO] bottom is already installed.
[2026-04-17 17:19:48] [INFO] fd-find is already installed.
[2026-04-17 17:19:48] [INFO] git is already installed.
[2026-04-17 17:19:48] [INFO] curl is already installed.
[2026-04-17 17:19:48] [INFO] wget is already installed.
[2026-04-17 17:19:48] [INFO] gnupg2 is already installed.
[2026-04-17 17:19:48] [INFO] ca-certificates is already installed.
[2026-04-17 17:19:48] [INFO] ripgrep is already installed.
[2026-04-17 17:19:48] [INFO] tealdeer is already installed.
[2026-04-17 17:19:48] [INFO] jq is already installed.
[2026-04-17 17:19:48] [INFO] xsel is already installed.
[2026-04-17 17:19:48] [INFO] unzip is already installed.
[2026-04-17 17:19:48] [INFO] dnf-plugins-core is already installed.
[2026-04-17 17:19:48] [INFO] gh is already installed.
[2026-04-17 17:19:48] [INFO] Installing eza...
[2026-04-17 17:19:48] [INFO] eza is already installed.
[2026-04-17 17:19:48] [OK] Shell aliases configured: ls, bottom
[2026-04-17 17:19:48] [INFO] sd is already available.
[2026-04-17 17:19:48] [INFO] dust is already available.
[2026-04-17 17:19:48] [INFO] podman is already installed.
[2026-04-17 17:19:51] [INFO] Restoring GNOME lock and idle settings...
